{"meta": {"format": 3, "version": "7.12.0", "timestamp": "2025-12-01T22:51:05.181838", "branch_coverage": false, "show_contexts": false}, "files": {"src/azlin/lifecycle/__init__.py": {"executed_lines": [1, 15, 24, 32, 37, 43, 48, 53], "summary": {"covered_lines": 7, "num_statements": 7, "percent_covered": 100.0, "percent_covered_display": "100", "missing_lines": 0, "excluded_lines": 0, "percent_statements_covered": 100.0, "percent_statements_covered_display": "100"}, "missing_lines": [], "excluded_lines": [], "functions": {"": {"executed_lines": [1, 15, 24, 32, 37, 43, 48, 53], "summary": {"covered_lines": 7, "num_statements": 7, "percent_covered": 100.0, "percent_covered_display": "100", "missing_lines": 0, "excluded_lines": 0, "percent_statements_covered": 100.0, "percent_statements_covered_display": "100"}, "missing_lines": [], "excluded_lines": []}}, "classes": {"": {"executed_lines": [1, 15, 24, 32, 37, 43, 48, 53], "summary": {"covered_lines": 7, "num_statements": 7, "percent_covered": 100.0, "percent_covered_display": "100", "missing_lines": 0, "excluded_lines": 0, "percent_statements_covered": 100.0, "percent_statements_covered_display": "100"}, "missing_lines": [], "excluded_lines": []}}}, "src/azlin/lifecycle/daemon_controller.py": {"executed_lines": [1, 14, 15, 16, 17, 18, 19, 20, 21, 23, 26, 27, 28, 31, 32, 43, 60, 86, 94, 152, 195, 215, 252, 284], "summary": {"covered_lines": 21, "num_statements": 121, "percent_covered": 17.355371900826448, "percent_covered_display": "17", "missing_lines": 100, "excluded_lines": 0, "percent_statements_covered": 17.355371900826448, "percent_statements_covered_display": "17"}, "missing_lines": [49, 51, 52, 55, 56, 57, 58, 66, 67, 69, 70, 73, 74, 75, 76, 78, 79, 80, 82, 83, 84, 92, 104, 105, 106, 108, 110, 112, 113, 114, 117, 119, 123, 131, 139, 142, 143, 145, 146, 147, 149, 150, 161, 162, 163, 165, 167, 169, 172, 173, 174, 175, 176, 177, 180, 181, 182, 184, 185, 187, 189, 191, 192, 193, 201, 204, 205, 208, 211, 213, 221, 222, 224, 225, 228, 229, 230, 232, 233, 234, 235, 236, 239, 240, 241, 242, 243, 245, 262, 263, 265, 267, 268, 269, 270, 273, 274, 279, 280, 281], "excluded_lines": [], "functions": {"DaemonController.__init__": {"executed_lines": [], "summary": {"covered_lines": 0, "num_statements": 7, "percent_covered": 0.0, "percent_covered_display": "0", "missing_lines": 7, "excluded_lines": 0, "percent_statements_covered": 0.0, "percent_statements_covered_display": "0"}, "missing_lines": [49, 51, 52, 55, 56, 57, 58], "excluded_lines": []}, "DaemonController._get_daemon_pid": {"executed_lines": [], "summary": {"covered_lines": 0, "num_statements": 14, "percent_covered": 0.0, "percent_covered_display": "0", "missing_lines": 14, "excluded_lines": 0, "percent_statements_covered": 0.0, "percent_statements_covered_display": "0"}, "missing_lines": [66, 67, 69, 70, 73, 74, 75, 76, 78, 79, 80, 82, 83, 84], "excluded_lines": []}, "DaemonController._is_daemon_running": {"executed_lines": [], "summary": {"covered_lines": 0, "num_statements": 1, "percent_covered": 0.0, "percent_covered_display": "0", "missing_lines": 1, "excluded_lines": 0, "percent_statements_covered": 0.0, "percent_statements_covered_display": "0"}, "missing_lines": [92], "excluded_lines": []}, "DaemonController.start_daemon": {"executed_lines": [], "summary": {"covered_lines": 0, "num_statements": 20, "percent_covered": 0.0, "percent_covered_display": "0", "missing_lines": 20, "excluded_lines": 0, "percent_statements_covered": 0.0, "percent_statements_covered_display": "0"}, "missing_lines": [104, 105, 106, 108, 110, 112, 113, 114, 117, 119, 123, 131, 139, 142, 143, 145, 146, 147, 149, 150], "excluded_lines": []}, "DaemonController.stop_daemon": {"executed_lines": [], "summary": {"covered_lines": 0, "num_statements": 22, "percent_covered": 0.0, "percent_covered_display": "0", "missing_lines": 22, "excluded_lines": 0, "percent_statements_covered": 0.0, "percent_statements_covered_display": "0"}, "missing_lines": [161, 162, 163, 165, 167, 169, 172, 173, 174, 175, 176, 177, 180, 181, 182, 184, 185, 187, 189, 191, 192, 193], "excluded_lines": []}, "DaemonController.restart_daemon": {"executed_lines": [], "summary": {"covered_lines": 0, "num_statements": 6, "percent_covered": 0.0, "percent_covered_display": "0", "missing_lines": 6, "excluded_lines": 0, "percent_statements_covered": 0.0, "percent_statements_covered_display": "0"}, "missing_lines": [201, 204, 205, 208, 211, 213], "excluded_lines": []}, "DaemonController.daemon_status": {"executed_lines": [], "summary": {"covered_lines": 0, "num_statements": 18, "percent_covered": 0.0, "percent_covered_display": "0", "missing_lines": 18, "excluded_lines": 0, "percent_statements_covered": 0.0, "percent_statements_covered_display": "0"}, "missing_lines": [221, 222, 224, 225, 228, 229, 230, 232, 233, 234, 235, 236, 239, 240, 241, 242, 243, 245], "excluded_lines": []}, "DaemonController.show_logs": {"executed_lines": [], "summary": {"covered_lines": 0, "num_statements": 12, "percent_covered": 0.0, "percent_covered_display": "0", "missing_lines": 12, "excluded_lines": 0, "percent_statements_covered": 0.0, "percent_statements_covered_display": "0"}, "missing_lines": [262, 263, 265, 267, 268, 269, 270, 273, 274, 279, 280, 281], "excluded_lines": []}, "": {"executed_lines": [1, 14, 15, 16, 17, 18, 19, 20, 21, 23, 26, 27, 28, 31, 32, 43, 60, 86, 94, 152, 195, 215, 252, 284], "summary": {"covered_lines": 21, "num_statements": 21, "percent_covered": 100.0, "percent_covered_display": "100", "missing_lines": 0, "excluded_lines": 0, "percent_statements_covered": 100.0, "percent_statements_covered_display": "100"}, "missing_lines": [], "excluded_lines": []}}, "classes": {"ControllerError": {"executed_lines": [], "summary": {"covered_lines": 0, "num_statements": 0, "percent_covered": 100.0, "percent_covered_display": "100", "missing_lines": 0, "excluded_lines": 0, "percent_statements_covered": 100.0, "percent_statements_covered_display": "100"}, "missing_lines": [], "excluded_lines": []}, "DaemonController": {"executed_lines": [], "summary": {"covered_lines": 0, "num_statements": 100, "percent_covered": 0.0, "percent_covered_display": "0", "missing_lines": 100, "excluded_lines": 0, "percent_statements_covered": 0.0, "percent_statements_covered_display": "0"}, "missing_lines": [49, 51, 52, 55, 56, 57, 58, 66, 67, 69, 70, 73, 74, 75, 76, 78, 79, 80, 82, 83, 84, 92, 104, 105, 106, 108, 110, 112, 113, 114, 117, 119, 123, 131, 139, 142, 143, 145, 146, 147, 149, 150, 161, 162, 163, 165, 167, 169, 172, 173, 174, 175, 176, 177, 180, 181, 182, 184, 185, 187, 189, 191, 192, 193, 201, 204, 205, 208, 211, 213, 221, 222, 224, 225, 228, 229, 230, 232, 233, 234, 235, 236, 239, 240, 241, 242, 243, 245, 262, 263, 265, 267, 268, 269, 270, 273, 274, 279, 280, 281], "excluded_lines": []}, "": {"executed_lines": [1, 14, 15, 16, 17, 18, 19, 20, 21, 23, 26, 27, 28, 31, 32, 43, 60, 86, 94, 152, 195, 215, 252, 284], "summary": {"covered_lines": 21, "num_statements": 21, "percent_covered": 100.0, "percent_covered_display": "100", "missing_lines": 0, "excluded_lines": 0, "percent_statements_covered": 100.0, "percent_statements_covered_display": "100"}, "missing_lines": [], "excluded_lines": []}}}, "src/azlin/lifecycle/health_monitor.py": {"executed_lines": [1, 18, 19, 20, 21, 22, 24, 27, 28, 29, 30, 31, 32, 35, 36, 37, 40, 41, 42, 43, 44, 45, 48, 49, 50, 51, 52, 53, 54, 57, 58, 59, 60, 61, 62, 63, 64, 65, 68, 69, 79, 81, 82, 83, 85, 87, 91, 93, 95, 99, 101, 113, 114, 115, 118, 123, 124, 125, 127, 137, 138, 139, 140, 141, 142, 144, 153, 154, 155, 156, 157, 158, 160, 170, 173, 174, 177, 178, 180, 182, 184, 187, 188, 191, 193, 203], "summary": {"covered_lines": 79, "num_statements": 83, "percent_covered": 95.18072289156626, "percent_covered_display": "95", "missing_lines": 4, "excluded_lines": 0, "percent_statements_covered": 95.18072289156626, "percent_statements_covered_display": "95"}, "missing_lines": [89, 90, 97, 98], "excluded_lines": [], "functions": {"HealthMonitor.__init__": {"executed_lines": [81, 82, 83], "summary": {"covered_lines": 3, "num_statements": 3, "percent_covered": 100.0, "percent_covered_display": "100", "missing_lines": 0, "excluded_lines": 0, "percent_statements_covered": 100.0, "percent_statements_covered_display": "100"}, "missing_lines": [], "excluded_lines": []}, "HealthMonitor._get_azure_client": {"executed_lines": [87, 91], "summary": {"covered_lines": 2, "num_statements": 4, "percent_covered": 50.0, "percent_covered_display": "50", "missing_lines": 2, "excluded_lines": 0, "percent_statements_covered": 50.0, "percent_statements_covered_display": "50"}, "missing_lines": [89, 90], "excluded_lines": []}, "HealthMonitor._get_ssh_client": {"executed_lines": [95, 99], "summary": {"covered_lines": 2, "num_statements": 4, "percent_covered": 50.0, "percent_covered_display": "50", "missing_lines": 2, "excluded_lines": 0, "percent_statements_covered": 50.0, "percent_statements_covered_display": "50"}, "missing_lines": [97, 98], "excluded_lines": []}, "HealthMonitor.get_vm_state": {"executed_lines": [113, 114, 115, 118, 123, 124, 125], "summary": {"covered_lines": 7, "num_statements": 7, "percent_covered": 100.0, "percent_covered_display": "100", "missing_lines": 0, "excluded_lines": 0, "percent_statements_covered": 100.0, "percent_statements_covered_display": "100"}, "missing_lines": [], "excluded_lines": []}, "HealthMonitor.check_ssh_connectivity": {"executed_lines": [137, 138, 139, 140, 141, 142], "summary": {"covered_lines": 6, "num_statements": 6, "percent_covered": 100.0, "percent_covered_display": "100", "missing_lines": 0, "excluded_lines": 0, "percent_statements_covered": 100.0, "percent_statements_covered_display": "100"}, "missing_lines": [], "excluded_lines": []}, "HealthMonitor.get_metrics": {"executed_lines": [153, 154, 155, 156, 157, 158], "summary": {"covered_lines": 6, "num_statements": 6, "percent_covered": 100.0, "percent_covered_display": "100", "missing_lines": 0, "excluded_lines": 0, "percent_statements_covered": 100.0, "percent_statements_covered_display": "100"}, "missing_lines": [], "excluded_lines": []}, "HealthMonitor.check_vm_health": {"executed_lines": [170, 173, 174, 177, 178, 180, 182, 184, 187, 188, 191, 193], "summary": {"covered_lines": 12, "num_statements": 12, "percent_covered": 100.0, "percent_covered_display": "100", "missing_lines": 0, "excluded_lines": 0, "percent_statements_covered": 100.0, "percent_statements_covered_display": "100"}, "missing_lines": [], "excluded_lines": []}, "": {"executed_lines": [1, 18, 19, 20, 21, 22, 24, 27, 28, 29, 30, 31, 32, 35, 36, 37, 40, 41, 42, 43, 44, 45, 48, 49, 50, 51, 52, 53, 54, 57, 58, 59, 60, 61, 62, 63, 64, 65, 68, 69, 79, 85, 93, 101, 127, 144, 160, 203], "summary": {"covered_lines": 41, "num_statements": 41, "percent_covered": 100.0, "percent_covered_display": "100", "missing_lines": 0, "excluded_lines": 0, "percent_statements_covered": 100.0, "percent_statements_covered_display": "100"}, "missing_lines": [], "excluded_lines": []}}, "classes": {"VMState": {"executed_lines": [], "summary": {"covered_lines": 0, "num_statements": 0, "percent_covered": 100.0, "percent_covered_display": "100", "missing_lines": 0, "excluded_lines": 0, "percent_statements_covered": 100.0, "percent_statements_covered_display": "100"}, "missing_lines": [], "excluded_lines": []}, "HealthCheckError": {"executed_lines": [], "summary": {"covered_lines": 0, "num_statements": 0, "percent_covered": 100.0, "percent_covered_display": "100", "missing_lines": 0, "excluded_lines": 0, "percent_statements_covered": 100.0, "percent_statements_covered_display": "100"}, "missing_lines": [], "excluded_lines": []}, "VMMetrics": {"executed_lines": [], "summary": {"covered_lines": 0, "num_statements": 0, "percent_covered": 100.0, "percent_covered_display": "100", "missing_lines": 0, "excluded_lines": 0, "percent_statements_covered": 100.0, "percent_statements_covered_display": "100"}, "missing_lines": [], "excluded_lines": []}, "HealthFailure": {"executed_lines": [], "summary": {"covered_lines": 0, "num_statements": 0, "percent_covered": 100.0, "percent_covered_display": "100", "missing_lines": 0, "excluded_lines": 0, "percent_statements_covered": 100.0, "percent_statements_covered_display": "100"}, "missing_lines": [], "excluded_lines": []}, "HealthStatus": {"executed_lines": [], "summary": {"covered_lines": 0, "num_statements": 0, "percent_covered": 100.0, "percent_covered_display": "100", "missing_lines": 0, "excluded_lines": 0, "percent_statements_covered": 100.0, "percent_statements_covered_display": "100"}, "missing_lines": [], "excluded_lines": []}, "HealthMonitor": {"executed_lines": [81, 82, 83, 87, 91, 95, 99, 113, 114, 115, 118, 123, 124, 125, 137, 138, 139, 140, 141, 142, 153, 154, 155, 156, 157, 158, 170, 173, 174, 177, 178, 180, 182, 184, 187, 188, 191, 193], "summary": {"covered_lines": 38, "num_statements": 42, "percent_covered": 90.47619047619048, "percent_covered_display": "90", "missing_lines": 4, "excluded_lines": 0, "percent_statements_covered": 90.47619047619048, "percent_statements_covered_display": "90"}, "missing_lines": [89, 90, 97, 98], "excluded_lines": []}, "": {"executed_lines": [1, 18, 19, 20, 21, 22, 24, 27, 28, 29, 30, 31, 32, 35, 36, 37, 40, 41, 42, 43, 44, 45, 48, 49, 50, 51, 52, 53, 54, 57, 58, 59, 60, 61, 62, 63, 64, 65, 68, 69, 79, 85, 93, 101, 127, 144, 160, 203], "summary": {"covered_lines": 41, "num_statements": 41, "percent_covered": 100.0, "percent_covered_display": "100", "missing_lines": 0, "excluded_lines": 0, "percent_statements_covered": 100.0, "percent_statements_covered_display": "100"}, "missing_lines": [], "excluded_lines": []}}}, "src/azlin/lifecycle/hook_executor.py": {"executed_lines": [1, 16, 17, 18, 19, 20, 21, 22, 23, 24, 26, 29, 30, 31, 32, 33, 34, 35, 36, 39, 40, 41, 44, 45, 46, 47, 48, 49, 50, 51, 52, 53, 54, 55, 58, 59, 69, 75, 77, 86, 87, 88, 89, 90, 92, 93, 94, 96, 102, 115, 116, 117, 118, 121, 122, 123, 125, 127, 151, 152, 153, 157, 160, 161, 162, 163, 164, 165, 166, 172, 173, 176, 178, 179, 182, 190, 191, 192, 196, 207, 208, 209, 233, 255, 256, 257, 262, 274, 278, 280, 281, 284, 291, 316], "summary": {"covered_lines": 89, "num_statements": 115, "percent_covered": 77.3913043478261, "percent_covered_display": "77", "missing_lines": 26, "excluded_lines": 0, "percent_statements_covered": 77.3913043478261, "percent_statements_covered_display": "77"}, "missing_lines": [98, 99, 100, 154, 155, 167, 168, 169, 220, 221, 222, 258, 259, 263, 264, 265, 266, 267, 268, 269, 270, 271, 275, 302, 303, 304], "excluded_lines": [], "functions": {"HookExecutor.__init__": {"executed_lines": [75], "summary": {"covered_lines": 1, "num_statements": 1, "percent_covered": 100.0, "percent_covered_display": "100", "missing_lines": 0, "excluded_lines": 0, "percent_statements_covered": 100.0, "percent_statements_covered_display": "100"}, "missing_lines": [], "excluded_lines": []}, "HookExecutor.validate_hook_script": {"executed_lines": [86, 87, 88, 89, 90, 92, 93, 94, 96], "summary": {"covered_lines": 9, "num_statements": 12, "percent_covered": 75.0, "percent_covered_display": "75", "missing_lines": 3, "excluded_lines": 0, "percent_statements_covered": 75.0, "percent_statements_covered_display": "75"}, "missing_lines": [98, 99, 100], "excluded_lines": []}, "HookExecutor._prepare_environment": {"executed_lines": [115, 116, 117, 118, 121, 122, 123, 125], "summary": {"covered_lines": 8, "num_statements": 8, "percent_covered": 100.0, "percent_covered_display": "100", "missing_lines": 0, "excluded_lines": 0, "percent_statements_covered": 100.0, "percent_statements_covered_display": "100"}, "missing_lines": [], "excluded_lines": []}, "HookExecutor.execute_hook": {"executed_lines": [151, 152, 153, 157, 160, 161, 162, 163, 164, 165, 166, 172, 173, 176, 178, 179, 182, 190, 191, 192, 196, 207, 208, 209], "summary": {"covered_lines": 24, "num_statements": 32, "percent_covered": 75.0, "percent_covered_display": "75", "missing_lines": 8, "excluded_lines": 0, "percent_statements_covered": 75.0, "percent_statements_covered_display": "75"}, "missing_lines": [154, 155, 167, 168, 169, 220, 221, 222], "excluded_lines": []}, "HookExecutor.execute_hook_async": {"executed_lines": [255, 256, 257, 262, 274, 278, 280, 281, 284, 291], "summary": {"covered_lines": 10, "num_statements": 25, "percent_covered": 40.0, "percent_covered_display": "40", "missing_lines": 15, "excluded_lines": 0, "percent_statements_covered": 40.0, "percent_statements_covered_display": "40"}, "missing_lines": [258, 259, 263, 264, 265, 266, 267, 268, 269, 270, 271, 275, 302, 303, 304], "excluded_lines": []}, "": {"executed_lines": [1, 16, 17, 18, 19, 20, 21, 22, 23, 24, 26, 29, 30, 31, 32, 33, 34, 35, 36, 39, 40, 41, 44, 45, 46, 47, 48, 49, 50, 51, 52, 53, 54, 55, 58, 59, 69, 77, 102, 127, 233, 316], "summary": {"covered_lines": 37, "num_statements": 37, "percent_covered": 100.0, "percent_covered_display": "100", "missing_lines": 0, "excluded_lines": 0, "percent_statements_covered": 100.0, "percent_statements_covered_display": "100"}, "missing_lines": [], "excluded_lines": []}}, "classes": {"HookType": {"executed_lines": [], "summary": {"covered_lines": 0, "num_statements": 0, "percent_covered": 100.0, "percent_covered_display": "100", "missing_lines": 0, "excluded_lines": 0, "percent_statements_covered": 100.0, "percent_statements_covered_display": "100"}, "missing_lines": [], "excluded_lines": []}, "HookExecutionError": {"executed_lines": [], "summary": {"covered_lines": 0, "num_statements": 0, "percent_covered": 100.0, "percent_covered_display": "100", "missing_lines": 0, "excluded_lines": 0, "percent_statements_covered": 100.0, "percent_statements_covered_display": "100"}, "missing_lines": [], "excluded_lines": []}, "HookResult": {"executed_lines": [], "summary": {"covered_lines": 0, "num_statements": 0, "percent_covered": 100.0, "percent_covered_display": "100", "missing_lines": 0, "excluded_lines": 0, "percent_statements_covered": 100.0, "percent_statements_covered_display": "100"}, "missing_lines": [], "excluded_lines": []}, "HookExecutor": {"executed_lines": [75, 86, 87, 88, 89, 90, 92, 93, 94, 96, 115, 116, 117, 118, 121, 122, 123, 125, 151, 152, 153, 157, 160, 161, 162, 163, 164, 165, 166, 172, 173, 176, 178, 179, 182, 190, 191, 192, 196, 207, 208, 209, 255, 256, 257, 262, 274, 278, 280, 281, 284, 291], "summary": {"covered_lines": 52, "num_statements": 78, "percent_covered": 66.66666666666667, "percent_covered_display": "67", "missing_lines": 26, "excluded_lines": 0, "percent_statements_covered": 66.66666666666667, "percent_statements_covered_display": "67"}, "missing_lines": [98, 99, 100, 154, 155, 167, 168, 169, 220, 221, 222, 258, 259, 263, 264, 265, 266, 267, 268, 269, 270, 271, 275, 302, 303, 304], "excluded_lines": []}, "": {"executed_lines": [1, 16, 17, 18, 19, 20, 21, 22, 23, 24, 26, 29, 30, 31, 32, 33, 34, 35, 36, 39, 40, 41, 44, 45, 46, 47, 48, 49, 50, 51, 52, 53, 54, 55, 58, 59, 69, 77, 102, 127, 233, 316], "summary": {"covered_lines": 37, "num_statements": 37, "percent_covered": 100.0, "percent_covered_display": "100", "missing_lines": 0, "excluded_lines": 0, "percent_statements_covered": 100.0, "percent_statements_covered_display": "100"}, "missing_lines": [], "excluded_lines": []}}}, "src/azlin/lifecycle/lifecycle_daemon.py": {"executed_lines": [1, 15, 16, 17, 18, 19, 20, 21, 22, 24, 27, 28, 29, 32, 33, 34, 35, 36, 37, 38, 41, 42, 52, 79, 91, 96, 101, 111, 120, 181, 236, 274, 279, 284, 291, 315], "summary": {"covered_lines": 32, "num_statements": 156, "percent_covered": 20.512820512820515, "percent_covered_display": "21", "missing_lines": 124, "excluded_lines": 0, "percent_statements_covered": 20.512820512820515, "percent_statements_covered_display": "21"}, "missing_lines": [58, 59, 60, 61, 63, 64, 65, 66, 68, 69, 70, 73, 74, 75, 76, 77, 81, 82, 93, 94, 98, 99, 103, 104, 105, 106, 107, 108, 109, 113, 114, 115, 116, 117, 118, 127, 129, 131, 137, 138, 139, 144, 145, 148, 149, 154, 155, 156, 164, 165, 168, 169, 176, 178, 179, 183, 185, 186, 188, 190, 191, 193, 195, 196, 197, 199, 201, 202, 203, 204, 207, 210, 212, 213, 214, 218, 219, 220, 221, 222, 223, 224, 225, 227, 228, 230, 231, 232, 234, 243, 244, 245, 247, 248, 249, 250, 252, 253, 256, 257, 260, 261, 262, 263, 265, 266, 269, 270, 272, 276, 277, 281, 282, 286, 289, 297, 298, 299, 301, 302, 303, 304, 305, 307], "excluded_lines": [], "functions": {"LifecycleDaemon.__init__": {"executed_lines": [], "summary": {"covered_lines": 0, "num_statements": 16, "percent_covered": 0.0, "percent_covered_display": "0", "missing_lines": 16, "excluded_lines": 0, "percent_statements_covered": 0.0, "percent_statements_covered_display": "0"}, "missing_lines": [58, 59, 60, 61, 63, 64, 65, 66, 68, 69, 70, 73, 74, 75, 76, 77], "excluded_lines": []}, "LifecycleDaemon._setup_logging": {"executed_lines": [], "summary": {"covered_lines": 0, "num_statements": 2, "percent_covered": 0.0, "percent_covered_display": "0", "missing_lines": 2, "excluded_lines": 0, "percent_statements_covered": 0.0, "percent_statements_covered_display": "0"}, "missing_lines": [81, 82], "excluded_lines": []}, "LifecycleDaemon._setup_signal_handlers": {"executed_lines": [], "summary": {"covered_lines": 0, "num_statements": 2, "percent_covered": 0.0, "percent_covered_display": "0", "missing_lines": 2, "excluded_lines": 0, "percent_statements_covered": 0.0, "percent_statements_covered_display": "0"}, "missing_lines": [93, 94], "excluded_lines": []}, "LifecycleDaemon._handle_shutdown": {"executed_lines": [], "summary": {"covered_lines": 0, "num_statements": 2, "percent_covered": 0.0, "percent_covered_display": "0", "missing_lines": 2, "excluded_lines": 0, "percent_statements_covered": 0.0, "percent_statements_covered_display": "0"}, "missing_lines": [98, 99], "excluded_lines": []}, "LifecycleDaemon._write_pid_file": {"executed_lines": [], "summary": {"covered_lines": 0, "num_statements": 7, "percent_covered": 0.0, "percent_covered_display": "0", "missing_lines": 7, "excluded_lines": 0, "percent_statements_covered": 0.0, "percent_statements_covered_display": "0"}, "missing_lines": [103, 104, 105, 106, 107, 108, 109], "excluded_lines": []}, "LifecycleDaemon._remove_pid_file": {"executed_lines": [], "summary": {"covered_lines": 0, "num_statements": 6, "percent_covered": 0.0, "percent_covered_display": "0", "missing_lines": 6, "excluded_lines": 0, "percent_statements_covered": 0.0, "percent_statements_covered_display": "0"}, "missing_lines": [113, 114, 115, 116, 117, 118], "excluded_lines": []}, "LifecycleDaemon._check_vm_health_and_heal": {"executed_lines": [], "summary": {"covered_lines": 0, "num_statements": 20, "percent_covered": 0.0, "percent_covered_display": "0", "missing_lines": 20, "excluded_lines": 0, "percent_statements_covered": 0.0, "percent_statements_covered_display": "0"}, "missing_lines": [127, 129, 131, 137, 138, 139, 144, 145, 148, 149, 154, 155, 156, 164, 165, 168, 169, 176, 178, 179], "excluded_lines": []}, "LifecycleDaemon._monitoring_loop": {"executed_lines": [], "summary": {"covered_lines": 0, "num_statements": 34, "percent_covered": 0.0, "percent_covered_display": "0", "missing_lines": 34, "excluded_lines": 0, "percent_statements_covered": 0.0, "percent_statements_covered_display": "0"}, "missing_lines": [183, 185, 186, 188, 190, 191, 193, 195, 196, 197, 199, 201, 202, 203, 204, 207, 210, 212, 213, 214, 218, 219, 220, 221, 222, 223, 224, 225, 227, 228, 230, 231, 232, 234], "excluded_lines": []}, "LifecycleDaemon.start": {"executed_lines": [], "summary": {"covered_lines": 0, "num_statements": 20, "percent_covered": 0.0, "percent_covered_display": "0", "missing_lines": 20, "excluded_lines": 0, "percent_statements_covered": 0.0, "percent_statements_covered_display": "0"}, "missing_lines": [243, 244, 245, 247, 248, 249, 250, 252, 253, 256, 257, 260, 261, 262, 263, 265, 266, 269, 270, 272], "excluded_lines": []}, "LifecycleDaemon.stop": {"executed_lines": [], "summary": {"covered_lines": 0, "num_statements": 2, "percent_covered": 0.0, "percent_covered_display": "0", "missing_lines": 2, "excluded_lines": 0, "percent_statements_covered": 0.0, "percent_statements_covered_display": "0"}, "missing_lines": [276, 277], "excluded_lines": []}, "LifecycleDaemon._cleanup": {"executed_lines": [], "summary": {"covered_lines": 0, "num_statements": 2, "percent_covered": 0.0, "percent_covered_display": "0", "missing_lines": 2, "excluded_lines": 0, "percent_statements_covered": 0.0, "percent_statements_covered_display": "0"}, "missing_lines": [281, 282], "excluded_lines": []}, "LifecycleDaemon.reload_config": {"executed_lines": [], "summary": {"covered_lines": 0, "num_statements": 2, "percent_covered": 0.0, "percent_covered_display": "0", "missing_lines": 2, "excluded_lines": 0, "percent_statements_covered": 0.0, "percent_statements_covered_display": "0"}, "missing_lines": [286, 289], "excluded_lines": []}, "LifecycleDaemon.get_status": {"executed_lines": [], "summary": {"covered_lines": 0, "num_statements": 9, "percent_covered": 0.0, "percent_covered_display": "0", "missing_lines": 9, "excluded_lines": 0, "percent_statements_covered": 0.0, "percent_statements_covered_display": "0"}, "missing_lines": [297, 298, 299, 301, 302, 303, 304, 305, 307], "excluded_lines": []}, "": {"executed_lines": [1, 15, 16, 17, 18, 19, 20, 21, 22, 24, 27, 28, 29, 32, 33, 34, 35, 36, 37, 38, 41, 42, 52, 79, 91, 96, 101, 111, 120, 181, 236, 274, 279, 284, 291, 315], "summary": {"covered_lines": 32, "num_statements": 32, "percent_covered": 100.0, "percent_covered_display": "100", "missing_lines": 0, "excluded_lines": 0, "percent_statements_covered": 100.0, "percent_statements_covered_display": "100"}, "missing_lines": [], "excluded_lines": []}}, "classes": {"DaemonError": {"executed_lines": [], "summary": {"covered_lines": 0, "num_statements": 0, "percent_covered": 100.0, "percent_covered_display": "100", "missing_lines": 0, "excluded_lines": 0, "percent_statements_covered": 100.0, "percent_statements_covered_display": "100"}, "missing_lines": [], "excluded_lines": []}, "DaemonStatus": {"executed_lines": [], "summary": {"covered_lines": 0, "num_statements": 0, "percent_covered": 100.0, "percent_covered_display": "100", "missing_lines": 0, "excluded_lines": 0, "percent_statements_covered": 100.0, "percent_statements_covered_display": "100"}, "missing_lines": [], "excluded_lines": []}, "LifecycleDaemon": {"executed_lines": [], "summary": {"covered_lines": 0, "num_statements": 124, "percent_covered": 0.0, "percent_covered_display": "0", "missing_lines": 124, "excluded_lines": 0, "percent_statements_covered": 0.0, "percent_statements_covered_display": "0"}, "missing_lines": [58, 59, 60, 61, 63, 64, 65, 66, 68, 69, 70, 73, 74, 75, 76, 77, 81, 82, 93, 94, 98, 99, 103, 104, 105, 106, 107, 108, 109, 113, 114, 115, 116, 117, 118, 127, 129, 131, 137, 138, 139, 144, 145, 148, 149, 154, 155, 156, 164, 165, 168, 169, 176, 178, 179, 183, 185, 186, 188, 190, 191, 193, 195, 196, 197, 199, 201, 202, 203, 204, 207, 210, 212, 213, 214, 218, 219, 220, 221, 222, 223, 224, 225, 227, 228, 230, 231, 232, 234, 243, 244, 245, 247, 248, 249, 250, 252, 253, 256, 257, 260, 261, 262, 263, 265, 266, 269, 270, 272, 276, 277, 281, 282, 286, 289, 297, 298, 299, 301, 302, 303, 304, 305, 307], "excluded_lines": []}, "": {"executed_lines": [1, 15, 16, 17, 18, 19, 20, 21, 22, 24, 27, 28, 29, 32, 33, 34, 35, 36, 37, 38, 41, 42, 52, 79, 91, 96, 101, 111, 120, 181, 236, 274, 279, 284, 291, 315], "summary": {"covered_lines": 32, "num_statements": 32, "percent_covered": 100.0, "percent_covered_display": "100", "missing_lines": 0, "excluded_lines": 0, "percent_statements_covered": 100.0, "percent_statements_covered_display": "100"}, "missing_lines": [], "excluded_lines": []}}}, "src/azlin/lifecycle/lifecycle_manager.py": {"executed_lines": [1, 16, 17, 18, 19, 20, 22, 23, 27, 30, 33, 36, 46, 47, 48, 51, 52, 53, 54, 55, 56, 57, 58, 59, 61, 63, 64, 68, 70, 72, 76, 77, 78, 79, 80, 81, 82, 85, 86, 99, 105, 106, 109, 110, 112, 114, 122, 123, 125, 127, 128, 129, 133, 135, 136, 137, 139, 143, 153, 155, 159, 168, 169, 170, 172, 181, 183, 186, 187, 188, 190, 202, 204, 205, 207, 210, 219, 225, 236, 239, 240, 242, 248, 249, 251, 262, 268, 269, 270, 271, 273, 283, 284, 285, 286, 289], "summary": {"covered_lines": 91, "num_statements": 103, "percent_covered": 88.3495145631068, "percent_covered_display": "88", "missing_lines": 12, "excluded_lines": 0, "percent_statements_covered": 88.3495145631068, "percent_statements_covered_display": "88"}, "missing_lines": [24, 25, 69, 71, 73, 130, 131, 140, 141, 156, 184, 263], "excluded_lines": [], "functions": {"MonitoringConfig.__post_init__": {"executed_lines": [63, 64, 68, 70, 72], "summary": {"covered_lines": 5, "num_statements": 8, "percent_covered": 62.5, "percent_covered_display": "62", "missing_lines": 3, "excluded_lines": 0, "percent_statements_covered": 62.5, "percent_statements_covered_display": "62"}, "missing_lines": [69, 71, 73], "excluded_lines": []}, "LifecycleManager.__init__": {"executed_lines": [105, 106, 109, 110], "summary": {"covered_lines": 4, "num_statements": 4, "percent_covered": 100.0, "percent_covered_display": "100", "missing_lines": 0, "excluded_lines": 0, "percent_statements_covered": 100.0, "percent_statements_covered_display": "100"}, "missing_lines": [], "excluded_lines": []}, "LifecycleManager._create_default_config": {"executed_lines": [114, 122, 123], "summary": {"covered_lines": 3, "num_statements": 3, "percent_covered": 100.0, "percent_covered_display": "100", "missing_lines": 0, "excluded_lines": 0, "percent_statements_covered": 100.0, "percent_statements_covered_display": "100"}, "missing_lines": [], "excluded_lines": []}, "LifecycleManager._read_config": {"executed_lines": [127, 128, 129], "summary": {"covered_lines": 3, "num_statements": 5, "percent_covered": 60.0, "percent_covered_display": "60", "missing_lines": 2, "excluded_lines": 0, "percent_statements_covered": 60.0, "percent_statements_covered_display": "60"}, "missing_lines": [130, 131], "excluded_lines": []}, "LifecycleManager._write_config": {"executed_lines": [135, 136, 137, 139], "summary": {"covered_lines": 4, "num_statements": 6, "percent_covered": 66.66666666666667, "percent_covered_display": "67", "missing_lines": 2, "excluded_lines": 0, "percent_statements_covered": 66.66666666666667, "percent_statements_covered_display": "67"}, "missing_lines": [140, 141], "excluded_lines": []}, "LifecycleManager.enable_monitoring": {"executed_lines": [153, 155, 159, 168, 169, 170], "summary": {"covered_lines": 6, "num_statements": 7, "percent_covered": 85.71428571428571, "percent_covered_display": "86", "missing_lines": 1, "excluded_lines": 0, "percent_statements_covered": 85.71428571428571, "percent_statements_covered_display": "86"}, "missing_lines": [156], "excluded_lines": []}, "LifecycleManager.disable_monitoring": {"executed_lines": [181, 183, 186, 187, 188], "summary": {"covered_lines": 5, "num_statements": 6, "percent_covered": 83.33333333333333, "percent_covered_display": "83", "missing_lines": 1, "excluded_lines": 0, "percent_statements_covered": 83.33333333333333, "percent_statements_covered_display": "83"}, "missing_lines": [184], "excluded_lines": []}, "LifecycleManager.get_monitoring_status": {"executed_lines": [202, 204, 205, 207, 210, 219], "summary": {"covered_lines": 6, "num_statements": 6, "percent_covered": 100.0, "percent_covered_display": "100", "missing_lines": 0, "excluded_lines": 0, "percent_statements_covered": 100.0, "percent_statements_covered_display": "100"}, "missing_lines": [], "excluded_lines": []}, "LifecycleManager.update_config": {"executed_lines": [236, 239, 240], "summary": {"covered_lines": 3, "num_statements": 3, "percent_covered": 100.0, "percent_covered_display": "100", "missing_lines": 0, "excluded_lines": 0, "percent_statements_covered": 100.0, "percent_statements_covered_display": "100"}, "missing_lines": [], "excluded_lines": []}, "LifecycleManager.list_monitored_vms": {"executed_lines": [248, 249], "summary": {"covered_lines": 2, "num_statements": 2, "percent_covered": 100.0, "percent_covered_display": "100", "missing_lines": 0, "excluded_lines": 0, "percent_statements_covered": 100.0, "percent_statements_covered_display": "100"}, "missing_lines": [], "excluded_lines": []}, "LifecycleManager.set_hook": {"executed_lines": [262, 268, 269, 270, 271], "summary": {"covered_lines": 5, "num_statements": 6, "percent_covered": 83.33333333333333, "percent_covered_display": "83", "missing_lines": 1, "excluded_lines": 0, "percent_statements_covered": 83.33333333333333, "percent_statements_covered_display": "83"}, "missing_lines": [263], "excluded_lines": []}, "LifecycleManager.clear_hook": {"executed_lines": [283, 284, 285, 286], "summary": {"covered_lines": 4, "num_statements": 4, "percent_covered": 100.0, "percent_covered_display": "100", "missing_lines": 0, "excluded_lines": 0, "percent_statements_covered": 100.0, "percent_statements_covered_display": "100"}, "missing_lines": [], "excluded_lines": []}, "": {"executed_lines": [1, 16, 17, 18, 19, 20, 22, 23, 27, 30, 33, 36, 46, 47, 48, 51, 52, 53, 54, 55, 56, 57, 58, 59, 61, 76, 77, 78, 79, 80, 81, 82, 85, 86, 99, 112, 125, 133, 143, 172, 190, 225, 242, 251, 273, 289], "summary": {"covered_lines": 41, "num_statements": 43, "percent_covered": 95.34883720930233, "percent_covered_display": "95", "missing_lines": 2, "excluded_lines": 0, "percent_statements_covered": 95.34883720930233, "percent_statements_covered_display": "95"}, "missing_lines": [24, 25], "excluded_lines": []}}, "classes": {"LifecycleConfigError": {"executed_lines": [], "summary": {"covered_lines": 0, "num_statements": 0, "percent_covered": 100.0, "percent_covered_display": "100", "missing_lines": 0, "excluded_lines": 0, "percent_statements_covered": 100.0, "percent_statements_covered_display": "100"}, "missing_lines": [], "excluded_lines": []}, "MonitoringConfig": {"executed_lines": [63, 64, 68, 70, 72], "summary": {"covered_lines": 5, "num_statements": 8, "percent_covered": 62.5, "percent_covered_display": "62", "missing_lines": 3, "excluded_lines": 0, "percent_statements_covered": 62.5, "percent_statements_covered_display": "62"}, "missing_lines": [69, 71, 73], "excluded_lines": []}, "MonitoringStatus": {"executed_lines": [], "summary": {"covered_lines": 0, "num_statements": 0, "percent_covered": 100.0, "percent_covered_display": "100", "missing_lines": 0, "excluded_lines": 0, "percent_statements_covered": 100.0, "percent_statements_covered_display": "100"}, "missing_lines": [], "excluded_lines": []}, "LifecycleManager": {"executed_lines": [105, 106, 109, 110, 114, 122, 123, 127, 128, 129, 135, 136, 137, 139, 153, 155, 159, 168, 169, 170, 181, 183, 186, 187, 188, 202, 204, 205, 207, 210, 219, 236, 239, 240, 248, 249, 262, 268, 269, 270, 271, 283, 284, 285, 286], "summary": {"covered_lines": 45, "num_statements": 52, "percent_covered": 86.53846153846153, "percent_covered_display": "87", "missing_lines": 7, "excluded_lines": 0, "percent_statements_covered": 86.53846153846153, "percent_statements_covered_display": "87"}, "missing_lines": [130, 131, 140, 141, 156, 184, 263], "excluded_lines": []}, "": {"executed_lines": [1, 16, 17, 18, 19, 20, 22, 23, 27, 30, 33, 36, 46, 47, 48, 51, 52, 53, 54, 55, 56, 57, 58, 59, 61, 76, 77, 78, 79, 80, 81, 82, 85, 86, 99, 112, 125, 133, 143, 172, 190, 225, 242, 251, 273, 289], "summary": {"covered_lines": 41, "num_statements": 43, "percent_covered": 95.34883720930233, "percent_covered_display": "95", "missing_lines": 2, "excluded_lines": 0, "percent_statements_covered": 95.34883720930233, "percent_statements_covered_display": "95"}, "missing_lines": [24, 25], "excluded_lines": []}}}, "src/azlin/lifecycle/self_healer.py": {"executed_lines": [1, 15, 16, 17, 18, 20, 23, 24, 25, 28, 29, 30, 31, 32, 33, 34, 37, 38, 49, 51, 52, 53, 55, 57, 58, 59, 60, 62, 64, 67, 69, 71, 74, 76, 86, 87, 88, 89, 91, 92, 94, 95, 96, 97, 98, 100, 109, 118, 119, 120, 121, 123, 129, 130, 131, 132, 139, 149, 151, 152, 153, 156, 158, 159, 162, 163, 164, 165, 166, 167, 171, 181], "summary": {"covered_lines": 68, "num_statements": 82, "percent_covered": 82.92682926829268, "percent_covered_display": "83", "missing_lines": 14, "excluded_lines": 0, "percent_statements_covered": 82.92682926829268, "percent_statements_covered_display": "83"}, "missing_lines": [65, 66, 72, 73, 102, 103, 105, 106, 107, 172, 173, 175, 177, 178], "excluded_lines": [], "functions": {"SelfHealer.__init__": {"executed_lines": [51, 52, 53], "summary": {"covered_lines": 3, "num_statements": 3, "percent_covered": 100.0, "percent_covered_display": "100", "missing_lines": 0, "excluded_lines": 0, "percent_statements_covered": 100.0, "percent_statements_covered_display": "100"}, "missing_lines": [], "excluded_lines": []}, "SelfHealer._get_lifecycle_manager": {"executed_lines": [57, 58, 59, 60], "summary": {"covered_lines": 4, "num_statements": 4, "percent_covered": 100.0, "percent_covered_display": "100", "missing_lines": 0, "excluded_lines": 0, "percent_statements_covered": 100.0, "percent_statements_covered_display": "100"}, "missing_lines": [], "excluded_lines": []}, "SelfHealer._get_azure_client": {"executed_lines": [64, 67], "summary": {"covered_lines": 2, "num_statements": 4, "percent_covered": 50.0, "percent_covered_display": "50", "missing_lines": 2, "excluded_lines": 0, "percent_statements_covered": 50.0, "percent_statements_covered_display": "50"}, "missing_lines": [65, 66], "excluded_lines": []}, "SelfHealer._get_hook_executor": {"executed_lines": [71, 74], "summary": {"covered_lines": 2, "num_statements": 4, "percent_covered": 50.0, "percent_covered_display": "50", "missing_lines": 2, "excluded_lines": 0, "percent_statements_covered": 50.0, "percent_statements_covered_display": "50"}, "missing_lines": [72, 73], "excluded_lines": []}, "SelfHealer.should_restart": {"executed_lines": [86, 87, 88, 89, 91, 92, 94, 95, 96, 97, 98, 100], "summary": {"covered_lines": 12, "num_statements": 17, "percent_covered": 70.58823529411765, "percent_covered_display": "71", "missing_lines": 5, "excluded_lines": 0, "percent_statements_covered": 70.58823529411765, "percent_statements_covered_display": "71"}, "missing_lines": [102, 103, 105, 106, 107], "excluded_lines": []}, "SelfHealer.restart_vm": {"executed_lines": [118, 119, 120, 121, 123, 129, 130, 131, 132], "summary": {"covered_lines": 9, "num_statements": 9, "percent_covered": 100.0, "percent_covered_display": "100", "missing_lines": 0, "excluded_lines": 0, "percent_statements_covered": 100.0, "percent_statements_covered_display": "100"}, "missing_lines": [], "excluded_lines": []}, "SelfHealer.handle_failure": {"executed_lines": [149, 151, 152, 153, 156, 158, 159, 162, 163, 164, 165, 166, 167, 171], "summary": {"covered_lines": 14, "num_statements": 19, "percent_covered": 73.6842105263158, "percent_covered_display": "74", "missing_lines": 5, "excluded_lines": 0, "percent_statements_covered": 73.6842105263158, "percent_statements_covered_display": "74"}, "missing_lines": [172, 173, 175, 177, 178], "excluded_lines": []}, "": {"executed_lines": [1, 15, 16, 17, 18, 20, 23, 24, 25, 28, 29, 30, 31, 32, 33, 34, 37, 38, 49, 55, 62, 69, 76, 109, 139, 181], "summary": {"covered_lines": 22, "num_statements": 22, "percent_covered": 100.0, "percent_covered_display": "100", "missing_lines": 0, "excluded_lines": 0, "percent_statements_covered": 100.0, "percent_statements_covered_display": "100"}, "missing_lines": [], "excluded_lines": []}}, "classes": {"SelfHealingError": {"executed_lines": [], "summary": {"covered_lines": 0, "num_statements": 0, "percent_covered": 100.0, "percent_covered_display": "100", "missing_lines": 0, "excluded_lines": 0, "percent_statements_covered": 100.0, "percent_statements_covered_display": "100"}, "missing_lines": [], "excluded_lines": []}, "RestartResult": {"executed_lines": [], "summary": {"covered_lines": 0, "num_statements": 0, "percent_covered": 100.0, "percent_covered_display": "100", "missing_lines": 0, "excluded_lines": 0, "percent_statements_covered": 100.0, "percent_statements_covered_display": "100"}, "missing_lines": [], "excluded_lines": []}, "SelfHealer": {"executed_lines": [51, 52, 53, 57, 58, 59, 60, 64, 67, 71, 74, 86, 87, 88, 89, 91, 92, 94, 95, 96, 97, 98, 100, 118, 119, 120, 121, 123, 129, 130, 131, 132, 149, 151, 152, 153, 156, 158, 159, 162, 163, 164, 165, 166, 167, 171], "summary": {"covered_lines": 46, "num_statements": 60, "percent_covered": 76.66666666666667, "percent_covered_display": "77", "missing_lines": 14, "excluded_lines": 0, "percent_statements_covered": 76.66666666666667, "percent_statements_covered_display": "77"}, "missing_lines": [65, 66, 72, 73, 102, 103, 105, 106, 107, 172, 173, 175, 177, 178], "excluded_lines": []}, "": {"executed_lines": [1, 15, 16, 17, 18, 20, 23, 24, 25, 28, 29, 30, 31, 32, 33, 34, 37, 38, 49, 55, 62, 69, 76, 109, 139, 181], "summary": {"covered_lines": 22, "num_statements": 22, "percent_covered": 100.0, "percent_covered_display": "100", "missing_lines": 0, "excluded_lines": 0, "percent_statements_covered": 100.0, "percent_statements_covered_display": "100"}, "missing_lines": [], "excluded_lines": []}}}}, "totals": {"covered_lines": 387, "num_statements": 667, "percent_covered": 58.02098950524738, "percent_covered_display": "58", "missing_lines": 280, "excluded_lines": 0, "percent_statements_covered": 58.02098950524738, "percent_statements_covered_display": "58"}}