{"meta": {"format": 3, "version": "7.10.7", "timestamp": "2025-10-23T13:12:04.608185", "branch_coverage": false, "show_contexts": false}, "files": {"src/azlin/cli_auth.py": {"executed_lines": [1, 32, 33, 34, 36, 38, 39, 40, 42, 45, 85, 101, 108, 116, 124, 131, 138, 144, 147, 198, 200, 201, 203, 204, 210, 214, 216, 217, 219, 220, 222, 223, 226, 235, 238, 240, 248, 251], "summary": {"covered_lines": 37, "num_statements": 37, "percent_covered": 100.0, "percent_covered_display": "100", "missing_lines": 0, "excluded_lines": 0}, "missing_lines": [], "excluded_lines": [], "functions": {"auth_options": {"executed_lines": [85, 101, 108, 116, 124, 131, 138, 144], "summary": {"covered_lines": 8, "num_statements": 8, "percent_covered": 100.0, "percent_covered_display": "100", "missing_lines": 0, "excluded_lines": 0}, "missing_lines": [], "excluded_lines": []}, "get_auth_resolver": {"executed_lines": [198, 200, 201, 203, 204, 210, 214, 216, 217, 219, 220, 222, 223, 226, 235, 238, 240, 248], "summary": {"covered_lines": 18, "num_statements": 18, "percent_covered": 100.0, "percent_covered_display": "100", "missing_lines": 0, "excluded_lines": 0}, "missing_lines": [], "excluded_lines": []}, "": {"executed_lines": [1, 32, 33, 34, 36, 38, 39, 40, 42, 45, 147, 251], "summary": {"covered_lines": 11, "num_statements": 11, "percent_covered": 100.0, "percent_covered_display": "100", "missing_lines": 0, "excluded_lines": 0}, "missing_lines": [], "excluded_lines": []}}, "classes": {"": {"executed_lines": [1, 32, 33, 34, 36, 38, 39, 40, 42, 45, 85, 101, 108, 116, 124, 131, 138, 144, 147, 198, 200, 201, 203, 204, 210, 214, 216, 217, 219, 220, 222, 223, 226, 235, 238, 240, 248, 251], "summary": {"covered_lines": 37, "num_statements": 37, "percent_covered": 100.0, "percent_covered_display": "100", "missing_lines": 0, "excluded_lines": 0}, "missing_lines": [], "excluded_lines": []}}}}, "totals": {"covered_lines": 37, "num_statements": 37, "percent_covered": 100.0, "percent_covered_display": "100", "missing_lines": 0, "excluded_lines": 0}}
